2024-04-18 09:41:05,764 [RMI TCP Connection(148)-127.0.0.1] INFO  o.s.b.a.SpringApplicationAdminMXBeanRegistrar$SpringApplicationAdmin.shutdown 159 - Application shutdown requested.
2024-04-18 09:41:10,312 [main] INFO  o.n.d.DmapExtensionApplication                    .logStarting 55 - Starting DmapExtensionApplication using Java 17.0.10 on arsac with PID 5596 (C:\Users\arsac\Documents\Gen AI-Nabors\testSpoonExtracter\test\target\classes started by arsac in C:\Users\arsac\Documents\Gen AI-Nabors\testSpoonExtracter\test)
2024-04-18 09:41:10,316 [main] INFO  o.n.d.DmapExtensionApplication                    .logStartupProfileInfo 634 - No active profile set, falling back to 1 default profile: "default"
2024-04-18 09:41:11,750 [main] INFO  o.s.b.w.embedded.tomcat.TomcatWebServer           .initialize 108 - Tomcat initialized with port(s): 8081 (http)
2024-04-18 09:41:11,763 [main] INFO  org.apache.catalina.core.StandardService          .log 173 - Starting service [Tomcat]
2024-04-18 09:41:11,765 [main] INFO  org.apache.catalina.core.StandardEngine           .log 173 - Starting Servlet engine: [Apache Tomcat/9.0.75]
2024-04-18 09:41:11,955 [main] INFO  o.a.c.c.C.[Tomcat].[localhost].[/]                .log 173 - Initializing Spring embedded WebApplicationContext
2024-04-18 09:41:11,955 [main] INFO  o.s.b.w.s.c.ServletWebServerApplicationContext    .prepareWebApplicationContext 292 - Root WebApplicationContext: initialization completed in 1324 ms
2024-04-18 09:41:12,575 [main] INFO  o.s.b.w.embedded.tomcat.TomcatWebServer           .start 220 - Tomcat started on port(s): 8081 (http) with context path ''
2024-04-18 09:41:12,591 [main] INFO  o.n.d.DmapExtensionApplication                    .logStarted 61 - Started DmapExtensionApplication in 2.732 seconds (JVM running for 4.583)
2024-04-18 09:41:16,365 [http-nio-8081-exec-2] INFO  o.a.c.c.C.[Tomcat].[localhost].[/]                .log 173 - Initializing Spring DispatcherServlet 'dispatcherServlet'
2024-04-18 09:41:16,366 [http-nio-8081-exec-2] INFO  o.s.web.servlet.DispatcherServlet                 .initServletBean 525 - Initializing Servlet 'dispatcherServlet'
2024-04-18 09:41:16,368 [http-nio-8081-exec-2] INFO  o.s.web.servlet.DispatcherServlet                 .initServletBean 547 - Completed initialization in 1 ms
2024-04-18 09:41:52,116 [http-nio-8081-exec-3] INFO  o.n.d.controller.DmapExtensionController          .startDiscovery 51 - Application passed for discovery --> Spark
2024-04-18 10:20:23,578 [RMI TCP Connection(41)-127.0.0.1] INFO  o.s.b.a.SpringApplicationAdminMXBeanRegistrar$SpringApplicationAdmin.shutdown 159 - Application shutdown requested.
2024-04-18 10:20:26,538 [main] INFO  o.n.d.DmapExtensionApplication                    .logStarting 55 - Starting DmapExtensionApplication using Java 17.0.10 on arsac with PID 37028 (C:\Users\arsac\Documents\Gen AI-Nabors\testSpoonExtracter\test\target\classes started by arsac in C:\Users\arsac\Documents\Gen AI-Nabors\testSpoonExtracter\test)
2024-04-18 10:20:26,543 [main] INFO  o.n.d.DmapExtensionApplication                    .logStartupProfileInfo 634 - No active profile set, falling back to 1 default profile: "default"
2024-04-18 10:20:28,157 [main] INFO  o.s.b.w.embedded.tomcat.TomcatWebServer           .initialize 108 - Tomcat initialized with port(s): 8081 (http)
2024-04-18 10:20:28,178 [main] INFO  org.apache.catalina.core.StandardService          .log 173 - Starting service [Tomcat]
2024-04-18 10:20:28,179 [main] INFO  org.apache.catalina.core.StandardEngine           .log 173 - Starting Servlet engine: [Apache Tomcat/9.0.75]
2024-04-18 10:20:28,379 [main] INFO  o.a.c.c.C.[Tomcat].[localhost].[/]                .log 173 - Initializing Spring embedded WebApplicationContext
2024-04-18 10:20:28,379 [main] INFO  o.s.b.w.s.c.ServletWebServerApplicationContext    .prepareWebApplicationContext 292 - Root WebApplicationContext: initialization completed in 1519 ms
2024-04-18 10:20:28,454 [main] WARN  o.s.b.w.s.c.AnnotationConfigServletWebServerApplicationContext.refresh 591 - Exception encountered during context initialization - cancelling refresh attempt: org.springframework.beans.factory.UnsatisfiedDependencyException: Error creating bean with name 'dmapExtensionController': Unsatisfied dependency expressed through field 'testLogInserter'; nested exception is org.springframework.beans.factory.NoSuchBeanDefinitionException: No qualifying bean of type 'org.newtglobal.dmapextension.controller.testLogInserter' available: expected at least 1 bean which qualifies as autowire candidate. Dependency annotations: {@org.springframework.beans.factory.annotation.Autowired(required=true)}
2024-04-18 10:20:28,459 [main] INFO  org.apache.catalina.core.StandardService          .log 173 - Stopping service [Tomcat]
2024-04-18 10:20:28,480 [main] INFO  o.s.b.a.l.ConditionEvaluationReportLoggingListener.logMessage 136 - 

Error starting ApplicationContext. To display the conditions report re-run your application with 'debug' enabled.
2024-04-18 10:20:28,510 [main] ERROR o.s.b.d.LoggingFailureAnalysisReporter            .report 40 - 

***************************
APPLICATION FAILED TO START
***************************

Description:

Field testLogInserter in org.newtglobal.dmapextension.controller.DmapExtensionController required a bean of type 'org.newtglobal.dmapextension.controller.testLogInserter' that could not be found.

The injection point has the following annotations:
	- @org.springframework.beans.factory.annotation.Autowired(required=true)


Action:

Consider defining a bean of type 'org.newtglobal.dmapextension.controller.testLogInserter' in your configuration.

2024-04-18 10:21:40,939 [main] INFO  o.n.d.DmapExtensionApplication                    .logStarting 55 - Starting DmapExtensionApplication using Java 17.0.10 on arsac with PID 12736 (C:\Users\arsac\Documents\Gen AI-Nabors\testSpoonExtracter\test\target\classes started by arsac in C:\Users\arsac\Documents\Gen AI-Nabors\testSpoonExtracter\test)
2024-04-18 10:21:40,945 [main] INFO  o.n.d.DmapExtensionApplication                    .logStartupProfileInfo 634 - No active profile set, falling back to 1 default profile: "default"
2024-04-18 10:21:42,361 [main] INFO  o.s.b.w.embedded.tomcat.TomcatWebServer           .initialize 108 - Tomcat initialized with port(s): 8081 (http)
2024-04-18 10:21:42,380 [main] INFO  org.apache.catalina.core.StandardService          .log 173 - Starting service [Tomcat]
2024-04-18 10:21:42,381 [main] INFO  org.apache.catalina.core.StandardEngine           .log 173 - Starting Servlet engine: [Apache Tomcat/9.0.75]
2024-04-18 10:21:42,557 [main] INFO  o.a.c.c.C.[Tomcat].[localhost].[/]                .log 173 - Initializing Spring embedded WebApplicationContext
2024-04-18 10:21:42,558 [main] INFO  o.s.b.w.s.c.ServletWebServerApplicationContext    .prepareWebApplicationContext 292 - Root WebApplicationContext: initialization completed in 1256 ms
2024-04-18 10:21:43,052 [main] INFO  o.s.b.w.embedded.tomcat.TomcatWebServer           .start 220 - Tomcat started on port(s): 8081 (http) with context path ''
2024-04-18 10:21:43,070 [main] INFO  o.n.d.DmapExtensionApplication                    .logStarted 61 - Started DmapExtensionApplication in 2.709 seconds (JVM running for 3.983)
2024-04-18 10:21:53,303 [http-nio-8081-exec-2] INFO  o.a.c.c.C.[Tomcat].[localhost].[/]                .log 173 - Initializing Spring DispatcherServlet 'dispatcherServlet'
2024-04-18 10:21:53,313 [http-nio-8081-exec-2] INFO  o.s.web.servlet.DispatcherServlet                 .initServletBean 525 - Initializing Servlet 'dispatcherServlet'
2024-04-18 10:21:53,317 [http-nio-8081-exec-2] INFO  o.s.web.servlet.DispatcherServlet                 .initServletBean 547 - Completed initialization in 2 ms
2024-04-18 10:27:21,852 [RMI TCP Connection(9)-127.0.0.1] INFO  o.s.b.a.SpringApplicationAdminMXBeanRegistrar$SpringApplicationAdmin.shutdown 159 - Application shutdown requested.
2024-04-18 10:27:24,811 [main] INFO  o.n.d.DmapExtensionApplication                    .logStarting 55 - Starting DmapExtensionApplication using Java 17.0.10 on arsac with PID 8088 (C:\Users\arsac\Documents\Gen AI-Nabors\testSpoonExtracter\test\target\classes started by arsac in C:\Users\arsac\Documents\Gen AI-Nabors\testSpoonExtracter\test)
2024-04-18 10:27:24,817 [main] INFO  o.n.d.DmapExtensionApplication                    .logStartupProfileInfo 634 - No active profile set, falling back to 1 default profile: "default"
2024-04-18 10:27:26,287 [main] INFO  o.s.b.w.embedded.tomcat.TomcatWebServer           .initialize 108 - Tomcat initialized with port(s): 8081 (http)
2024-04-18 10:27:26,299 [main] INFO  org.apache.catalina.core.StandardService          .log 173 - Starting service [Tomcat]
2024-04-18 10:27:26,300 [main] INFO  org.apache.catalina.core.StandardEngine           .log 173 - Starting Servlet engine: [Apache Tomcat/9.0.75]
2024-04-18 10:27:26,479 [main] INFO  o.a.c.c.C.[Tomcat].[localhost].[/]                .log 173 - Initializing Spring embedded WebApplicationContext
2024-04-18 10:27:26,480 [main] INFO  o.s.b.w.s.c.ServletWebServerApplicationContext    .prepareWebApplicationContext 292 - Root WebApplicationContext: initialization completed in 1412 ms
2024-04-18 10:27:27,164 [main] INFO  o.s.b.w.embedded.tomcat.TomcatWebServer           .start 220 - Tomcat started on port(s): 8081 (http) with context path ''
2024-04-18 10:27:27,182 [main] INFO  o.n.d.DmapExtensionApplication                    .logStarted 61 - Started DmapExtensionApplication in 2.815 seconds (JVM running for 3.809)
2024-04-18 10:27:43,244 [http-nio-8081-exec-2] INFO  o.a.c.c.C.[Tomcat].[localhost].[/]                .log 173 - Initializing Spring DispatcherServlet 'dispatcherServlet'
2024-04-18 10:27:43,245 [http-nio-8081-exec-2] INFO  o.s.web.servlet.DispatcherServlet                 .initServletBean 525 - Initializing Servlet 'dispatcherServlet'
2024-04-18 10:27:43,246 [http-nio-8081-exec-2] INFO  o.s.web.servlet.DispatcherServlet                 .initServletBean 547 - Completed initialization in 1 ms
2024-04-18 10:31:07,461 [RMI TCP Connection(7)-127.0.0.1] INFO  o.s.b.a.SpringApplicationAdminMXBeanRegistrar$SpringApplicationAdmin.shutdown 159 - Application shutdown requested.
2024-04-18 10:31:10,219 [main] INFO  o.n.d.DmapExtensionApplication                    .logStarting 55 - Starting DmapExtensionApplication using Java 17.0.10 on arsac with PID 25372 (C:\Users\arsac\Documents\Gen AI-Nabors\testSpoonExtracter\test\target\classes started by arsac in C:\Users\arsac\Documents\Gen AI-Nabors\testSpoonExtracter\test)
2024-04-18 10:31:10,223 [main] INFO  o.n.d.DmapExtensionApplication                    .logStartupProfileInfo 634 - No active profile set, falling back to 1 default profile: "default"
2024-04-18 10:31:11,775 [main] INFO  o.s.b.w.embedded.tomcat.TomcatWebServer           .initialize 108 - Tomcat initialized with port(s): 8081 (http)
2024-04-18 10:31:11,791 [main] INFO  org.apache.catalina.core.StandardService          .log 173 - Starting service [Tomcat]
2024-04-18 10:31:11,792 [main] INFO  org.apache.catalina.core.StandardEngine           .log 173 - Starting Servlet engine: [Apache Tomcat/9.0.75]
2024-04-18 10:31:12,081 [main] INFO  o.a.c.c.C.[Tomcat].[localhost].[/]                .log 173 - Initializing Spring embedded WebApplicationContext
2024-04-18 10:31:12,082 [main] INFO  o.s.b.w.s.c.ServletWebServerApplicationContext    .prepareWebApplicationContext 292 - Root WebApplicationContext: initialization completed in 1601 ms
2024-04-18 10:31:12,798 [main] INFO  o.s.b.w.embedded.tomcat.TomcatWebServer           .start 220 - Tomcat started on port(s): 8081 (http) with context path ''
2024-04-18 10:31:12,818 [main] INFO  o.n.d.DmapExtensionApplication                    .logStarted 61 - Started DmapExtensionApplication in 3.12 seconds (JVM running for 4.029)
2024-04-18 10:31:16,488 [http-nio-8081-exec-1] INFO  o.a.c.c.C.[Tomcat].[localhost].[/]                .log 173 - Initializing Spring DispatcherServlet 'dispatcherServlet'
2024-04-18 10:31:16,489 [http-nio-8081-exec-1] INFO  o.s.web.servlet.DispatcherServlet                 .initServletBean 525 - Initializing Servlet 'dispatcherServlet'
2024-04-18 10:31:16,490 [http-nio-8081-exec-1] INFO  o.s.web.servlet.DispatcherServlet                 .initServletBean 547 - Completed initialization in 1 ms
2024-04-18 10:32:29,686 [RMI TCP Connection(3)-127.0.0.1] INFO  o.s.b.a.SpringApplicationAdminMXBeanRegistrar$SpringApplicationAdmin.shutdown 159 - Application shutdown requested.
2024-04-18 10:32:33,103 [main] INFO  o.n.d.DmapExtensionApplication                    .logStarting 55 - Starting DmapExtensionApplication using Java 17.0.10 on arsac with PID 37204 (C:\Users\arsac\Documents\Gen AI-Nabors\testSpoonExtracter\test\target\classes started by arsac in C:\Users\arsac\Documents\Gen AI-Nabors\testSpoonExtracter\test)
2024-04-18 10:32:33,106 [main] INFO  o.n.d.DmapExtensionApplication                    .logStartupProfileInfo 634 - No active profile set, falling back to 1 default profile: "default"
2024-04-18 10:32:34,664 [main] INFO  o.s.b.w.embedded.tomcat.TomcatWebServer           .initialize 108 - Tomcat initialized with port(s): 8081 (http)
2024-04-18 10:32:34,689 [main] INFO  org.apache.catalina.core.StandardService          .log 173 - Starting service [Tomcat]
2024-04-18 10:32:34,692 [main] INFO  org.apache.catalina.core.StandardEngine           .log 173 - Starting Servlet engine: [Apache Tomcat/9.0.75]
2024-04-18 10:32:34,891 [main] INFO  o.a.c.c.C.[Tomcat].[localhost].[/]                .log 173 - Initializing Spring embedded WebApplicationContext
2024-04-18 10:32:34,892 [main] INFO  o.s.b.w.s.c.ServletWebServerApplicationContext    .prepareWebApplicationContext 292 - Root WebApplicationContext: initialization completed in 1468 ms
2024-04-18 10:32:35,386 [main] INFO  o.s.b.w.embedded.tomcat.TomcatWebServer           .start 220 - Tomcat started on port(s): 8081 (http) with context path ''
2024-04-18 10:32:35,399 [main] INFO  o.n.d.DmapExtensionApplication                    .logStarted 61 - Started DmapExtensionApplication in 2.842 seconds (JVM running for 3.996)
2024-04-18 10:32:38,101 [http-nio-8081-exec-1] INFO  o.a.c.c.C.[Tomcat].[localhost].[/]                .log 173 - Initializing Spring DispatcherServlet 'dispatcherServlet'
2024-04-18 10:32:38,102 [http-nio-8081-exec-1] INFO  o.s.web.servlet.DispatcherServlet                 .initServletBean 525 - Initializing Servlet 'dispatcherServlet'
2024-04-18 10:32:38,105 [http-nio-8081-exec-1] INFO  o.s.web.servlet.DispatcherServlet                 .initServletBean 547 - Completed initialization in 2 ms
2024-04-18 10:33:31,047 [RMI TCP Connection(4)-127.0.0.1] INFO  o.s.b.a.SpringApplicationAdminMXBeanRegistrar$SpringApplicationAdmin.shutdown 159 - Application shutdown requested.
2024-04-18 10:33:35,071 [main] INFO  o.n.d.DmapExtensionApplication                    .logStarting 55 - Starting DmapExtensionApplication using Java 17.0.10 on arsac with PID 28484 (C:\Users\arsac\Documents\Gen AI-Nabors\testSpoonExtracter\test\target\classes started by arsac in C:\Users\arsac\Documents\Gen AI-Nabors\testSpoonExtracter\test)
2024-04-18 10:33:35,080 [main] INFO  o.n.d.DmapExtensionApplication                    .logStartupProfileInfo 634 - No active profile set, falling back to 1 default profile: "default"
2024-04-18 10:33:37,206 [main] INFO  o.s.b.w.embedded.tomcat.TomcatWebServer           .initialize 108 - Tomcat initialized with port(s): 8081 (http)
2024-04-18 10:33:37,216 [main] INFO  org.apache.catalina.core.StandardService          .log 173 - Starting service [Tomcat]
2024-04-18 10:33:37,217 [main] INFO  org.apache.catalina.core.StandardEngine           .log 173 - Starting Servlet engine: [Apache Tomcat/9.0.75]
2024-04-18 10:33:37,381 [main] INFO  o.a.c.c.C.[Tomcat].[localhost].[/]                .log 173 - Initializing Spring embedded WebApplicationContext
2024-04-18 10:33:37,381 [main] INFO  o.s.b.w.s.c.ServletWebServerApplicationContext    .prepareWebApplicationContext 292 - Root WebApplicationContext: initialization completed in 1782 ms
2024-04-18 10:33:37,849 [main] INFO  o.s.b.w.embedded.tomcat.TomcatWebServer           .start 220 - Tomcat started on port(s): 8081 (http) with context path ''
2024-04-18 10:33:37,867 [main] INFO  o.n.d.DmapExtensionApplication                    .logStarted 61 - Started DmapExtensionApplication in 3.727 seconds (JVM running for 5.518)
2024-04-18 10:33:40,131 [http-nio-8081-exec-2] INFO  o.a.c.c.C.[Tomcat].[localhost].[/]                .log 173 - Initializing Spring DispatcherServlet 'dispatcherServlet'
2024-04-18 10:33:40,132 [http-nio-8081-exec-2] INFO  o.s.web.servlet.DispatcherServlet                 .initServletBean 525 - Initializing Servlet 'dispatcherServlet'
2024-04-18 10:33:40,133 [http-nio-8081-exec-2] INFO  o.s.web.servlet.DispatcherServlet                 .initServletBean 547 - Completed initialization in 1 ms
2024-04-18 10:35:05,825 [RMI TCP Connection(4)-127.0.0.1] INFO  o.s.b.a.SpringApplicationAdminMXBeanRegistrar$SpringApplicationAdmin.shutdown 159 - Application shutdown requested.
2024-04-18 10:35:09,220 [main] INFO  o.n.d.DmapExtensionApplication                    .logStarting 55 - Starting DmapExtensionApplication using Java 17.0.10 on arsac with PID 32104 (C:\Users\arsac\Documents\Gen AI-Nabors\testSpoonExtracter\test\target\classes started by arsac in C:\Users\arsac\Documents\Gen AI-Nabors\testSpoonExtracter\test)
2024-04-18 10:35:09,224 [main] INFO  o.n.d.DmapExtensionApplication                    .logStartupProfileInfo 634 - No active profile set, falling back to 1 default profile: "default"
2024-04-18 10:35:10,705 [main] INFO  o.s.b.w.embedded.tomcat.TomcatWebServer           .initialize 108 - Tomcat initialized with port(s): 8081 (http)
2024-04-18 10:35:10,716 [main] INFO  org.apache.catalina.core.StandardService          .log 173 - Starting service [Tomcat]
2024-04-18 10:35:10,718 [main] INFO  org.apache.catalina.core.StandardEngine           .log 173 - Starting Servlet engine: [Apache Tomcat/9.0.75]
2024-04-18 10:35:10,916 [main] INFO  o.a.c.c.C.[Tomcat].[localhost].[/]                .log 173 - Initializing Spring embedded WebApplicationContext
2024-04-18 10:35:10,916 [main] INFO  o.s.b.w.s.c.ServletWebServerApplicationContext    .prepareWebApplicationContext 292 - Root WebApplicationContext: initialization completed in 1425 ms
2024-04-18 10:35:11,508 [main] INFO  o.s.b.w.embedded.tomcat.TomcatWebServer           .start 220 - Tomcat started on port(s): 8081 (http) with context path ''
2024-04-18 10:35:11,521 [main] INFO  o.n.d.DmapExtensionApplication                    .logStarted 61 - Started DmapExtensionApplication in 2.726 seconds (JVM running for 3.934)
2024-04-18 10:35:13,661 [http-nio-8081-exec-2] INFO  o.a.c.c.C.[Tomcat].[localhost].[/]                .log 173 - Initializing Spring DispatcherServlet 'dispatcherServlet'
2024-04-18 10:35:13,662 [http-nio-8081-exec-2] INFO  o.s.web.servlet.DispatcherServlet                 .initServletBean 525 - Initializing Servlet 'dispatcherServlet'
2024-04-18 10:35:13,663 [http-nio-8081-exec-2] INFO  o.s.web.servlet.DispatcherServlet                 .initServletBean 547 - Completed initialization in 1 ms
2024-04-18 10:49:34,468 [RMI TCP Connection(19)-127.0.0.1] INFO  o.s.b.a.SpringApplicationAdminMXBeanRegistrar$SpringApplicationAdmin.shutdown 159 - Application shutdown requested.
2024-04-18 10:49:38,082 [main] INFO  o.n.d.DmapExtensionApplication                    .logStarting 55 - Starting DmapExtensionApplication using Java 17.0.10 on arsac with PID 33796 (C:\Users\arsac\Documents\Gen AI-Nabors\testSpoonExtracter\test\target\classes started by arsac in C:\Users\arsac\Documents\Gen AI-Nabors\testSpoonExtracter\test)
2024-04-18 10:49:38,088 [main] INFO  o.n.d.DmapExtensionApplication                    .logStartupProfileInfo 634 - No active profile set, falling back to 1 default profile: "default"
2024-04-18 10:49:39,529 [main] INFO  o.s.b.w.embedded.tomcat.TomcatWebServer           .initialize 108 - Tomcat initialized with port(s): 8081 (http)
2024-04-18 10:49:39,538 [main] INFO  org.apache.catalina.core.StandardService          .log 173 - Starting service [Tomcat]
2024-04-18 10:49:39,539 [main] INFO  org.apache.catalina.core.StandardEngine           .log 173 - Starting Servlet engine: [Apache Tomcat/9.0.75]
2024-04-18 10:49:39,719 [main] INFO  o.a.c.c.C.[Tomcat].[localhost].[/]                .log 173 - Initializing Spring embedded WebApplicationContext
2024-04-18 10:49:39,720 [main] INFO  o.s.b.w.s.c.ServletWebServerApplicationContext    .prepareWebApplicationContext 292 - Root WebApplicationContext: initialization completed in 1340 ms
2024-04-18 10:49:40,241 [main] INFO  o.s.b.w.embedded.tomcat.TomcatWebServer           .start 220 - Tomcat started on port(s): 8081 (http) with context path ''
2024-04-18 10:49:40,256 [main] INFO  o.n.d.DmapExtensionApplication                    .logStarted 61 - Started DmapExtensionApplication in 2.741 seconds (JVM running for 3.731)
2024-04-18 10:49:47,520 [http-nio-8081-exec-2] INFO  o.a.c.c.C.[Tomcat].[localhost].[/]                .log 173 - Initializing Spring DispatcherServlet 'dispatcherServlet'
2024-04-18 10:49:47,521 [http-nio-8081-exec-2] INFO  o.s.web.servlet.DispatcherServlet                 .initServletBean 525 - Initializing Servlet 'dispatcherServlet'
2024-04-18 10:49:47,522 [http-nio-8081-exec-2] INFO  o.s.web.servlet.DispatcherServlet                 .initServletBean 547 - Completed initialization in 1 ms
2024-04-18 11:04:22,083 [RMI TCP Connection(18)-127.0.0.1] INFO  o.s.b.a.SpringApplicationAdminMXBeanRegistrar$SpringApplicationAdmin.shutdown 159 - Application shutdown requested.
2024-04-18 11:05:46,779 [main] INFO  o.n.d.DmapExtensionApplication                    .logStarting 55 - Starting DmapExtensionApplication using Java 17.0.10 on arsac with PID 30448 (C:\Users\arsac\Documents\Gen AI-Nabors\testSpoonExtracter\test\target\classes started by arsac in C:\Users\arsac\Documents\Gen AI-Nabors\testSpoonExtracter\test)
2024-04-18 11:05:46,782 [main] INFO  o.n.d.DmapExtensionApplication                    .logStartupProfileInfo 634 - No active profile set, falling back to 1 default profile: "default"
2024-04-18 11:05:47,842 [main] INFO  o.s.b.w.embedded.tomcat.TomcatWebServer           .initialize 108 - Tomcat initialized with port(s): 8081 (http)
2024-04-18 11:05:47,852 [main] INFO  org.apache.catalina.core.StandardService          .log 173 - Starting service [Tomcat]
2024-04-18 11:05:47,853 [main] INFO  org.apache.catalina.core.StandardEngine           .log 173 - Starting Servlet engine: [Apache Tomcat/9.0.75]
2024-04-18 11:05:47,999 [main] INFO  o.a.c.c.C.[Tomcat].[localhost].[/]                .log 173 - Initializing Spring embedded WebApplicationContext
2024-04-18 11:05:48,000 [main] INFO  o.s.b.w.s.c.ServletWebServerApplicationContext    .prepareWebApplicationContext 292 - Root WebApplicationContext: initialization completed in 1011 ms
2024-04-18 11:05:48,455 [main] INFO  o.s.b.w.embedded.tomcat.TomcatWebServer           .start 220 - Tomcat started on port(s): 8081 (http) with context path ''
2024-04-18 11:05:48,464 [main] INFO  o.n.d.DmapExtensionApplication                    .logStarted 61 - Started DmapExtensionApplication in 2.066 seconds (JVM running for 2.918)
2024-04-18 11:08:59,133 [http-nio-8081-exec-1] INFO  o.a.c.c.C.[Tomcat].[localhost].[/]                .log 173 - Initializing Spring DispatcherServlet 'dispatcherServlet'
2024-04-18 11:08:59,133 [http-nio-8081-exec-1] INFO  o.s.web.servlet.DispatcherServlet                 .initServletBean 525 - Initializing Servlet 'dispatcherServlet'
2024-04-18 11:08:59,134 [http-nio-8081-exec-1] INFO  o.s.web.servlet.DispatcherServlet                 .initServletBean 547 - Completed initialization in 0 ms
2024-04-18 11:08:59,164 [http-nio-8081-exec-1] INFO  o.n.d.controller.DmapExtensionController          .startDiscovery 58 - Application passed for discovery --> Spark
2024-04-18 11:50:37,165 [RMI TCP Connection(48)-127.0.0.1] INFO  o.s.b.a.SpringApplicationAdminMXBeanRegistrar$SpringApplicationAdmin.shutdown 159 - Application shutdown requested.
2024-04-18 11:50:39,606 [main] INFO  o.n.d.DmapExtensionApplication                    .logStarting 55 - Starting DmapExtensionApplication using Java 17.0.10 on arsac with PID 25260 (C:\Users\arsac\Documents\Gen AI-Nabors\testSpoonExtracter\test\target\classes started by arsac in C:\Users\arsac\Documents\Gen AI-Nabors\testSpoonExtracter\test)
2024-04-18 11:50:39,612 [main] INFO  o.n.d.DmapExtensionApplication                    .logStartupProfileInfo 634 - No active profile set, falling back to 1 default profile: "default"
2024-04-18 11:50:40,462 [main] INFO  o.s.b.w.embedded.tomcat.TomcatWebServer           .initialize 108 - Tomcat initialized with port(s): 8081 (http)
2024-04-18 11:50:40,469 [main] INFO  org.apache.catalina.core.StandardService          .log 173 - Starting service [Tomcat]
2024-04-18 11:50:40,470 [main] INFO  org.apache.catalina.core.StandardEngine           .log 173 - Starting Servlet engine: [Apache Tomcat/9.0.75]
2024-04-18 11:50:40,583 [main] INFO  o.a.c.c.C.[Tomcat].[localhost].[/]                .log 173 - Initializing Spring embedded WebApplicationContext
2024-04-18 11:50:40,583 [main] INFO  o.s.b.w.s.c.ServletWebServerApplicationContext    .prepareWebApplicationContext 292 - Root WebApplicationContext: initialization completed in 807 ms
2024-04-18 11:50:40,929 [main] INFO  o.s.b.w.embedded.tomcat.TomcatWebServer           .start 220 - Tomcat started on port(s): 8081 (http) with context path ''
2024-04-18 11:50:40,937 [main] INFO  o.n.d.DmapExtensionApplication                    .logStarted 61 - Started DmapExtensionApplication in 1.605 seconds (JVM running for 2.244)
2024-04-18 11:51:08,353 [http-nio-8081-exec-1] INFO  o.a.c.c.C.[Tomcat].[localhost].[/]                .log 173 - Initializing Spring DispatcherServlet 'dispatcherServlet'
2024-04-18 11:51:08,354 [http-nio-8081-exec-1] INFO  o.s.web.servlet.DispatcherServlet                 .initServletBean 525 - Initializing Servlet 'dispatcherServlet'
2024-04-18 11:51:08,354 [http-nio-8081-exec-1] INFO  o.s.web.servlet.DispatcherServlet                 .initServletBean 547 - Completed initialization in 0 ms
2024-04-18 11:51:08,390 [http-nio-8081-exec-1] INFO  o.n.d.controller.DmapExtensionController          .teststartDiscovery 128 - Application passed for testloginserter --> Spark
2024-04-18 12:26:30,860 [RMI TCP Connection(40)-127.0.0.1] INFO  o.s.b.a.SpringApplicationAdminMXBeanRegistrar$SpringApplicationAdmin.shutdown 159 - Application shutdown requested.
2024-04-18 12:26:33,237 [main] INFO  o.n.d.DmapExtensionApplication                    .logStarting 55 - Starting DmapExtensionApplication using Java 17.0.10 on arsac with PID 8816 (C:\Users\arsac\Documents\Gen AI-Nabors\testSpoonExtracter\test\target\classes started by arsac in C:\Users\arsac\Documents\Gen AI-Nabors\testSpoonExtracter\test)
2024-04-18 12:26:33,241 [main] INFO  o.n.d.DmapExtensionApplication                    .logStartupProfileInfo 634 - No active profile set, falling back to 1 default profile: "default"
2024-04-18 12:26:34,091 [main] INFO  o.s.b.w.embedded.tomcat.TomcatWebServer           .initialize 108 - Tomcat initialized with port(s): 8081 (http)
2024-04-18 12:26:34,101 [main] INFO  org.apache.catalina.core.StandardService          .log 173 - Starting service [Tomcat]
2024-04-18 12:26:34,101 [main] INFO  org.apache.catalina.core.StandardEngine           .log 173 - Starting Servlet engine: [Apache Tomcat/9.0.75]
2024-04-18 12:26:34,313 [main] INFO  o.a.c.c.C.[Tomcat].[localhost].[/]                .log 173 - Initializing Spring embedded WebApplicationContext
2024-04-18 12:26:34,313 [main] INFO  o.s.b.w.s.c.ServletWebServerApplicationContext    .prepareWebApplicationContext 292 - Root WebApplicationContext: initialization completed in 890 ms
2024-04-18 12:26:34,752 [main] INFO  o.s.b.w.embedded.tomcat.TomcatWebServer           .start 220 - Tomcat started on port(s): 8081 (http) with context path ''
2024-04-18 12:26:34,762 [main] INFO  o.n.d.DmapExtensionApplication                    .logStarted 61 - Started DmapExtensionApplication in 1.796 seconds (JVM running for 2.429)
2024-04-18 12:26:36,141 [RMI TCP Connection(2)-127.0.0.1] INFO  o.s.b.a.SpringApplicationAdminMXBeanRegistrar$SpringApplicationAdmin.shutdown 159 - Application shutdown requested.
2024-04-18 12:26:38,599 [main] INFO  o.n.d.DmapExtensionApplication                    .logStarting 55 - Starting DmapExtensionApplication using Java 17.0.10 on arsac with PID 29352 (C:\Users\arsac\Documents\Gen AI-Nabors\testSpoonExtracter\test\target\classes started by arsac in C:\Users\arsac\Documents\Gen AI-Nabors\testSpoonExtracter\test)
2024-04-18 12:26:38,602 [main] INFO  o.n.d.DmapExtensionApplication                    .logStartupProfileInfo 634 - No active profile set, falling back to 1 default profile: "default"
2024-04-18 12:26:39,535 [main] INFO  o.s.b.w.embedded.tomcat.TomcatWebServer           .initialize 108 - Tomcat initialized with port(s): 8081 (http)
2024-04-18 12:26:39,543 [main] INFO  org.apache.catalina.core.StandardService          .log 173 - Starting service [Tomcat]
2024-04-18 12:26:39,543 [main] INFO  org.apache.catalina.core.StandardEngine           .log 173 - Starting Servlet engine: [Apache Tomcat/9.0.75]
2024-04-18 12:26:39,649 [main] INFO  o.a.c.c.C.[Tomcat].[localhost].[/]                .log 173 - Initializing Spring embedded WebApplicationContext
2024-04-18 12:26:39,650 [main] INFO  o.s.b.w.s.c.ServletWebServerApplicationContext    .prepareWebApplicationContext 292 - Root WebApplicationContext: initialization completed in 828 ms
2024-04-18 12:26:40,001 [main] INFO  o.s.b.w.embedded.tomcat.TomcatWebServer           .start 220 - Tomcat started on port(s): 8081 (http) with context path ''
2024-04-18 12:26:40,009 [main] INFO  o.n.d.DmapExtensionApplication                    .logStarted 61 - Started DmapExtensionApplication in 1.713 seconds (JVM running for 2.387)
2024-04-18 12:26:44,921 [http-nio-8081-exec-1] INFO  o.a.c.c.C.[Tomcat].[localhost].[/]                .log 173 - Initializing Spring DispatcherServlet 'dispatcherServlet'
2024-04-18 12:26:44,922 [http-nio-8081-exec-1] INFO  o.s.web.servlet.DispatcherServlet                 .initServletBean 525 - Initializing Servlet 'dispatcherServlet'
2024-04-18 12:26:44,923 [http-nio-8081-exec-1] INFO  o.s.web.servlet.DispatcherServlet                 .initServletBean 547 - Completed initialization in 1 ms
2024-04-18 12:26:44,957 [http-nio-8081-exec-1] INFO  o.n.d.controller.DmapExtensionController          .teststartDiscovery 128 - Application passed for testloginserter --> Spark
2024-04-18 13:21:07,448 [RMI TCP Connection(59)-127.0.0.1] INFO  o.s.b.a.SpringApplicationAdminMXBeanRegistrar$SpringApplicationAdmin.shutdown 159 - Application shutdown requested.
2024-04-18 13:21:32,888 [main] INFO  o.n.d.DmapExtensionApplication                    .logStarting 55 - Starting DmapExtensionApplication using Java 17.0.10 on arsac with PID 1604 (C:\Users\arsac\Documents\Gen AI-Nabors\testSpoonExtracter\test\target\classes started by arsac in C:\Users\arsac\Documents\Gen AI-Nabors\testSpoonExtracter\test)
2024-04-18 13:21:32,893 [main] INFO  o.n.d.DmapExtensionApplication                    .logStartupProfileInfo 634 - No active profile set, falling back to 1 default profile: "default"
2024-04-18 13:21:34,368 [main] INFO  o.s.b.w.embedded.tomcat.TomcatWebServer           .initialize 108 - Tomcat initialized with port(s): 8081 (http)
2024-04-18 13:21:34,379 [main] INFO  org.apache.catalina.core.StandardService          .log 173 - Starting service [Tomcat]
2024-04-18 13:21:34,381 [main] INFO  org.apache.catalina.core.StandardEngine           .log 173 - Starting Servlet engine: [Apache Tomcat/9.0.75]
2024-04-18 13:21:34,625 [main] INFO  o.a.c.c.C.[Tomcat].[localhost].[/]                .log 173 - Initializing Spring embedded WebApplicationContext
2024-04-18 13:21:34,626 [main] INFO  o.s.b.w.s.c.ServletWebServerApplicationContext    .prepareWebApplicationContext 292 - Root WebApplicationContext: initialization completed in 1445 ms
2024-04-18 13:21:35,277 [main] INFO  o.s.b.w.embedded.tomcat.TomcatWebServer           .start 220 - Tomcat started on port(s): 8081 (http) with context path ''
2024-04-18 13:21:35,292 [main] INFO  o.n.d.DmapExtensionApplication                    .logStarted 61 - Started DmapExtensionApplication in 2.871 seconds (JVM running for 9.168)
2024-04-18 13:22:03,829 [http-nio-8081-exec-1] INFO  o.a.c.c.C.[Tomcat].[localhost].[/]                .log 173 - Initializing Spring DispatcherServlet 'dispatcherServlet'
2024-04-18 13:22:03,829 [http-nio-8081-exec-1] INFO  o.s.web.servlet.DispatcherServlet                 .initServletBean 525 - Initializing Servlet 'dispatcherServlet'
2024-04-18 13:22:03,831 [http-nio-8081-exec-1] INFO  o.s.web.servlet.DispatcherServlet                 .initServletBean 547 - Completed initialization in 2 ms
2024-04-18 13:58:15,063 [RMI TCP Connection(40)-127.0.0.1] INFO  o.s.b.a.SpringApplicationAdminMXBeanRegistrar$SpringApplicationAdmin.shutdown 159 - Application shutdown requested.
2024-04-18 13:58:19,808 [main] INFO  o.n.d.DmapExtensionApplication                    .logStarting 55 - Starting DmapExtensionApplication using Java 17.0.10 on arsac with PID 24564 (C:\Users\arsac\Documents\Gen AI-Nabors\testSpoonExtracter\test\target\classes started by arsac in C:\Users\arsac\Documents\Gen AI-Nabors\testSpoonExtracter\test)
2024-04-18 13:58:19,814 [main] INFO  o.n.d.DmapExtensionApplication                    .logStartupProfileInfo 634 - No active profile set, falling back to 1 default profile: "default"
2024-04-18 13:58:21,247 [main] INFO  o.s.b.w.embedded.tomcat.TomcatWebServer           .initialize 108 - Tomcat initialized with port(s): 8081 (http)
2024-04-18 13:58:21,263 [main] INFO  org.apache.catalina.core.StandardService          .log 173 - Starting service [Tomcat]
2024-04-18 13:58:21,265 [main] INFO  org.apache.catalina.core.StandardEngine           .log 173 - Starting Servlet engine: [Apache Tomcat/9.0.75]
2024-04-18 13:58:21,519 [main] INFO  o.a.c.c.C.[Tomcat].[localhost].[/]                .log 173 - Initializing Spring embedded WebApplicationContext
2024-04-18 13:58:21,520 [main] INFO  o.s.b.w.s.c.ServletWebServerApplicationContext    .prepareWebApplicationContext 292 - Root WebApplicationContext: initialization completed in 1406 ms
2024-04-18 13:58:22,129 [main] INFO  o.s.b.w.embedded.tomcat.TomcatWebServer           .start 220 - Tomcat started on port(s): 8081 (http) with context path ''
2024-04-18 13:58:22,144 [main] INFO  o.n.d.DmapExtensionApplication                    .logStarted 61 - Started DmapExtensionApplication in 2.967 seconds (JVM running for 4.633)
2024-04-18 13:58:31,309 [http-nio-8081-exec-2] INFO  o.a.c.c.C.[Tomcat].[localhost].[/]                .log 173 - Initializing Spring DispatcherServlet 'dispatcherServlet'
2024-04-18 13:58:31,310 [http-nio-8081-exec-2] INFO  o.s.web.servlet.DispatcherServlet                 .initServletBean 525 - Initializing Servlet 'dispatcherServlet'
2024-04-18 13:58:31,313 [http-nio-8081-exec-2] INFO  o.s.web.servlet.DispatcherServlet                 .initServletBean 547 - Completed initialization in 2 ms
2024-04-18 13:58:31,422 [http-nio-8081-exec-2] INFO  o.n.d.controller.DmapExtensionController          .teststartDiscovery 128 - Application passed for testloginserter --> Spark
2024-04-18 13:59:40,662 [RMI TCP Connection(5)-127.0.0.1] INFO  o.s.b.a.SpringApplicationAdminMXBeanRegistrar$SpringApplicationAdmin.shutdown 159 - Application shutdown requested.
2024-04-18 13:59:44,883 [main] INFO  o.n.d.DmapExtensionApplication                    .logStarting 55 - Starting DmapExtensionApplication using Java 17.0.10 on arsac with PID 31268 (C:\Users\arsac\Documents\Gen AI-Nabors\testSpoonExtracter\test\target\classes started by arsac in C:\Users\arsac\Documents\Gen AI-Nabors\testSpoonExtracter\test)
2024-04-18 13:59:44,889 [main] INFO  o.n.d.DmapExtensionApplication                    .logStartupProfileInfo 634 - No active profile set, falling back to 1 default profile: "default"
2024-04-18 13:59:46,886 [main] INFO  o.s.b.w.embedded.tomcat.TomcatWebServer           .initialize 108 - Tomcat initialized with port(s): 8081 (http)
2024-04-18 13:59:46,906 [main] INFO  org.apache.catalina.core.StandardService          .log 173 - Starting service [Tomcat]
2024-04-18 13:59:46,908 [main] INFO  org.apache.catalina.core.StandardEngine           .log 173 - Starting Servlet engine: [Apache Tomcat/9.0.75]
2024-04-18 13:59:47,285 [main] INFO  o.a.c.c.C.[Tomcat].[localhost].[/]                .log 173 - Initializing Spring embedded WebApplicationContext
2024-04-18 13:59:47,286 [main] INFO  o.s.b.w.s.c.ServletWebServerApplicationContext    .prepareWebApplicationContext 292 - Root WebApplicationContext: initialization completed in 2015 ms
2024-04-18 13:59:47,946 [main] INFO  o.s.b.w.embedded.tomcat.TomcatWebServer           .start 220 - Tomcat started on port(s): 8081 (http) with context path ''
2024-04-18 13:59:47,960 [main] INFO  o.n.d.DmapExtensionApplication                    .logStarted 61 - Started DmapExtensionApplication in 3.809 seconds (JVM running for 5.246)
2024-04-18 13:59:50,341 [http-nio-8081-exec-1] INFO  o.a.c.c.C.[Tomcat].[localhost].[/]                .log 173 - Initializing Spring DispatcherServlet 'dispatcherServlet'
2024-04-18 13:59:50,342 [http-nio-8081-exec-1] INFO  o.s.web.servlet.DispatcherServlet                 .initServletBean 525 - Initializing Servlet 'dispatcherServlet'
2024-04-18 13:59:50,345 [http-nio-8081-exec-1] INFO  o.s.web.servlet.DispatcherServlet                 .initServletBean 547 - Completed initialization in 3 ms
2024-04-18 13:59:50,420 [http-nio-8081-exec-1] INFO  o.n.d.controller.DmapExtensionController          .teststartDiscovery 128 - Application passed for testloginserter --> Spark
2024-04-18 14:10:47,033 [RMI TCP Connection(13)-127.0.0.1] INFO  o.s.b.a.SpringApplicationAdminMXBeanRegistrar$SpringApplicationAdmin.shutdown 159 - Application shutdown requested.
2024-04-18 14:10:51,157 [main] INFO  o.n.d.DmapExtensionApplication                    .logStarting 55 - Starting DmapExtensionApplication using Java 17.0.10 on arsac with PID 15780 (C:\Users\arsac\Documents\Gen AI-Nabors\testSpoonExtracter\test\target\classes started by arsac in C:\Users\arsac\Documents\Gen AI-Nabors\testSpoonExtracter\test)
2024-04-18 14:10:51,166 [main] INFO  o.n.d.DmapExtensionApplication                    .logStartupProfileInfo 634 - No active profile set, falling back to 1 default profile: "default"
2024-04-18 14:10:52,908 [main] INFO  o.s.b.w.embedded.tomcat.TomcatWebServer           .initialize 108 - Tomcat initialized with port(s): 8081 (http)
2024-04-18 14:10:52,927 [main] INFO  org.apache.catalina.core.StandardService          .log 173 - Starting service [Tomcat]
2024-04-18 14:10:52,929 [main] INFO  org.apache.catalina.core.StandardEngine           .log 173 - Starting Servlet engine: [Apache Tomcat/9.0.75]
2024-04-18 14:10:53,158 [main] INFO  o.a.c.c.C.[Tomcat].[localhost].[/]                .log 173 - Initializing Spring embedded WebApplicationContext
2024-04-18 14:10:53,159 [main] INFO  o.s.b.w.s.c.ServletWebServerApplicationContext    .prepareWebApplicationContext 292 - Root WebApplicationContext: initialization completed in 1608 ms
2024-04-18 14:10:53,782 [main] INFO  o.s.b.w.embedded.tomcat.TomcatWebServer           .start 220 - Tomcat started on port(s): 8081 (http) with context path ''
2024-04-18 14:10:53,796 [main] INFO  o.n.d.DmapExtensionApplication                    .logStarted 61 - Started DmapExtensionApplication in 3.33 seconds (JVM running for 4.898)
2024-04-18 14:11:12,190 [http-nio-8081-exec-2] INFO  o.a.c.c.C.[Tomcat].[localhost].[/]                .log 173 - Initializing Spring DispatcherServlet 'dispatcherServlet'
2024-04-18 14:11:12,191 [http-nio-8081-exec-2] INFO  o.s.web.servlet.DispatcherServlet                 .initServletBean 525 - Initializing Servlet 'dispatcherServlet'
2024-04-18 14:11:12,192 [http-nio-8081-exec-2] INFO  o.s.web.servlet.DispatcherServlet                 .initServletBean 547 - Completed initialization in 1 ms
2024-04-18 14:11:12,273 [http-nio-8081-exec-2] INFO  o.n.d.controller.DmapExtensionController          .teststartDiscovery 128 - Application passed for testloginserter --> Spark
2024-04-18 14:15:02,582 [RMI TCP Connection(6)-127.0.0.1] INFO  o.s.b.a.SpringApplicationAdminMXBeanRegistrar$SpringApplicationAdmin.shutdown 159 - Application shutdown requested.
2024-04-18 14:15:11,347 [main] INFO  o.n.d.DmapExtensionApplication                    .logStarting 55 - Starting DmapExtensionApplication using Java 17.0.10 on arsac with PID 37804 (C:\Users\arsac\Documents\Gen AI-Nabors\testSpoonExtracter\test\target\classes started by arsac in C:\Users\arsac\Documents\Gen AI-Nabors\testSpoonExtracter\test)
2024-04-18 14:15:11,360 [main] INFO  o.n.d.DmapExtensionApplication                    .logStartupProfileInfo 634 - No active profile set, falling back to 1 default profile: "default"
2024-04-18 14:15:11,440 [main] INFO  o.n.d.DmapExtensionApplication                    .logStarting 55 - Starting DmapExtensionApplication using Java 17.0.10 on arsac with PID 27396 (C:\Users\arsac\Documents\Gen AI-Nabors\testSpoonExtracter\test\target\classes started by arsac in C:\Users\arsac\Documents\Gen AI-Nabors\testSpoonExtracter\test)
2024-04-18 14:15:11,449 [main] INFO  o.n.d.DmapExtensionApplication                    .logStartupProfileInfo 634 - No active profile set, falling back to 1 default profile: "default"
2024-04-18 14:15:13,587 [main] INFO  o.s.b.w.embedded.tomcat.TomcatWebServer           .initialize 108 - Tomcat initialized with port(s): 8081 (http)
2024-04-18 14:15:13,600 [main] INFO  o.s.b.w.embedded.tomcat.TomcatWebServer           .initialize 108 - Tomcat initialized with port(s): 8081 (http)
2024-04-18 14:15:13,612 [main] INFO  org.apache.catalina.core.StandardService          .log 173 - Starting service [Tomcat]
2024-04-18 14:15:13,613 [main] INFO  org.apache.catalina.core.StandardEngine           .log 173 - Starting Servlet engine: [Apache Tomcat/9.0.75]
2024-04-18 14:15:13,625 [main] INFO  org.apache.catalina.core.StandardService          .log 173 - Starting service [Tomcat]
2024-04-18 14:15:13,626 [main] INFO  org.apache.catalina.core.StandardEngine           .log 173 - Starting Servlet engine: [Apache Tomcat/9.0.75]
2024-04-18 14:15:13,910 [main] INFO  o.a.c.c.C.[Tomcat].[localhost].[/]                .log 173 - Initializing Spring embedded WebApplicationContext
2024-04-18 14:15:13,910 [main] INFO  o.s.b.w.s.c.ServletWebServerApplicationContext    .prepareWebApplicationContext 292 - Root WebApplicationContext: initialization completed in 1828 ms
2024-04-18 14:15:13,927 [main] INFO  o.a.c.c.C.[Tomcat].[localhost].[/]                .log 173 - Initializing Spring embedded WebApplicationContext
2024-04-18 14:15:13,927 [main] INFO  o.s.b.w.s.c.ServletWebServerApplicationContext    .prepareWebApplicationContext 292 - Root WebApplicationContext: initialization completed in 1923 ms
2024-04-18 14:15:14,704 [main] INFO  o.s.b.w.embedded.tomcat.TomcatWebServer           .start 220 - Tomcat started on port(s): 8081 (http) with context path ''
2024-04-18 14:15:14,728 [main] INFO  o.n.d.DmapExtensionApplication                    .logStarted 61 - Started DmapExtensionApplication in 4.25 seconds (JVM running for 6.519)
2024-04-18 14:15:14,736 [main] WARN  o.s.b.w.s.c.AnnotationConfigServletWebServerApplicationContext.refresh 591 - Exception encountered during context initialization - cancelling refresh attempt: org.springframework.context.ApplicationContextException: Failed to start bean 'webServerStartStop'; nested exception is org.springframework.boot.web.server.PortInUseException: Port 8081 is already in use
2024-04-18 14:15:14,743 [main] INFO  org.apache.catalina.core.StandardService          .log 173 - Stopping service [Tomcat]
2024-04-18 14:15:14,765 [main] INFO  o.s.b.a.l.ConditionEvaluationReportLoggingListener.logMessage 136 - 

Error starting ApplicationContext. To display the conditions report re-run your application with 'debug' enabled.
2024-04-18 14:15:14,793 [main] ERROR o.s.b.d.LoggingFailureAnalysisReporter            .report 40 - 

***************************
APPLICATION FAILED TO START
***************************

Description:

Web server failed to start. Port 8081 was already in use.

Action:

Identify and stop the process that's listening on port 8081 or configure this application to listen on another port.

2024-04-18 14:15:20,905 [http-nio-8081-exec-1] INFO  o.a.c.c.C.[Tomcat].[localhost].[/]                .log 173 - Initializing Spring DispatcherServlet 'dispatcherServlet'
2024-04-18 14:15:20,906 [http-nio-8081-exec-1] INFO  o.s.web.servlet.DispatcherServlet                 .initServletBean 525 - Initializing Servlet 'dispatcherServlet'
2024-04-18 14:15:20,908 [http-nio-8081-exec-1] INFO  o.s.web.servlet.DispatcherServlet                 .initServletBean 547 - Completed initialization in 1 ms
2024-04-18 14:15:20,968 [http-nio-8081-exec-1] INFO  o.n.d.controller.DmapExtensionController          .teststartDiscovery 128 - Application passed for testloginserter --> Spark
2024-04-18 14:16:39,109 [RMI TCP Connection(3)-127.0.0.1] INFO  o.s.b.a.SpringApplicationAdminMXBeanRegistrar$SpringApplicationAdmin.shutdown 159 - Application shutdown requested.
2024-04-18 14:16:43,998 [main] INFO  o.n.d.DmapExtensionApplication                    .logStarting 55 - Starting DmapExtensionApplication using Java 17.0.10 on arsac with PID 32324 (C:\Users\arsac\Documents\Gen AI-Nabors\testSpoonExtracter\test\target\classes started by arsac in C:\Users\arsac\Documents\Gen AI-Nabors\testSpoonExtracter\test)
2024-04-18 14:16:44,003 [main] INFO  o.n.d.DmapExtensionApplication                    .logStartupProfileInfo 634 - No active profile set, falling back to 1 default profile: "default"
2024-04-18 14:16:45,630 [main] INFO  o.s.b.w.embedded.tomcat.TomcatWebServer           .initialize 108 - Tomcat initialized with port(s): 8081 (http)
2024-04-18 14:16:45,643 [main] INFO  org.apache.catalina.core.StandardService          .log 173 - Starting service [Tomcat]
2024-04-18 14:16:45,644 [main] INFO  org.apache.catalina.core.StandardEngine           .log 173 - Starting Servlet engine: [Apache Tomcat/9.0.75]
2024-04-18 14:16:45,833 [main] INFO  o.a.c.c.C.[Tomcat].[localhost].[/]                .log 173 - Initializing Spring embedded WebApplicationContext
2024-04-18 14:16:45,833 [main] INFO  o.s.b.w.s.c.ServletWebServerApplicationContext    .prepareWebApplicationContext 292 - Root WebApplicationContext: initialization completed in 1475 ms
2024-04-18 14:16:46,359 [main] INFO  o.s.b.w.embedded.tomcat.TomcatWebServer           .start 220 - Tomcat started on port(s): 8081 (http) with context path ''
2024-04-18 14:16:46,374 [main] INFO  o.n.d.DmapExtensionApplication                    .logStarted 61 - Started DmapExtensionApplication in 2.85 seconds (JVM running for 4.021)
2024-04-18 14:17:08,247 [http-nio-8081-exec-1] INFO  o.a.c.c.C.[Tomcat].[localhost].[/]                .log 173 - Initializing Spring DispatcherServlet 'dispatcherServlet'
2024-04-18 14:17:08,250 [http-nio-8081-exec-1] INFO  o.s.web.servlet.DispatcherServlet                 .initServletBean 525 - Initializing Servlet 'dispatcherServlet'
2024-04-18 14:17:08,252 [http-nio-8081-exec-1] INFO  o.s.web.servlet.DispatcherServlet                 .initServletBean 547 - Completed initialization in 2 ms
2024-04-18 14:17:08,387 [http-nio-8081-exec-1] INFO  o.n.d.controller.DmapExtensionController          .teststartDiscovery 128 - Application passed for testloginserter --> Spark
2024-04-18 14:22:08,751 [RMI TCP Connection(8)-127.0.0.1] INFO  o.s.b.a.SpringApplicationAdminMXBeanRegistrar$SpringApplicationAdmin.shutdown 159 - Application shutdown requested.
2024-04-18 14:22:18,348 [main] INFO  o.n.d.DmapExtensionApplication                    .logStarting 55 - Starting DmapExtensionApplication using Java 17.0.10 on arsac with PID 17428 (C:\Users\arsac\Documents\Gen AI-Nabors\testSpoonExtracter\test\target\classes started by arsac in C:\Users\arsac\Documents\Gen AI-Nabors\testSpoonExtracter\test)
2024-04-18 14:22:18,353 [main] INFO  o.n.d.DmapExtensionApplication                    .logStartupProfileInfo 634 - No active profile set, falling back to 1 default profile: "default"
2024-04-18 14:22:20,869 [main] INFO  o.s.b.w.embedded.tomcat.TomcatWebServer           .initialize 108 - Tomcat initialized with port(s): 8081 (http)
2024-04-18 14:22:20,957 [main] INFO  org.apache.catalina.core.StandardService          .log 173 - Starting service [Tomcat]
2024-04-18 14:22:20,959 [main] INFO  org.apache.catalina.core.StandardEngine           .log 173 - Starting Servlet engine: [Apache Tomcat/9.0.75]
2024-04-18 14:22:21,803 [main] INFO  o.a.c.c.C.[Tomcat].[localhost].[/]                .log 173 - Initializing Spring embedded WebApplicationContext
2024-04-18 14:22:21,805 [main] INFO  o.s.b.w.s.c.ServletWebServerApplicationContext    .prepareWebApplicationContext 292 - Root WebApplicationContext: initialization completed in 3146 ms
2024-04-18 14:22:23,081 [main] INFO  o.s.b.w.embedded.tomcat.TomcatWebServer           .start 220 - Tomcat started on port(s): 8081 (http) with context path ''
2024-04-18 14:22:23,106 [main] INFO  o.n.d.DmapExtensionApplication                    .logStarted 61 - Started DmapExtensionApplication in 5.331 seconds (JVM running for 11.638)
2024-04-18 14:22:34,732 [http-nio-8081-exec-1] INFO  o.a.c.c.C.[Tomcat].[localhost].[/]                .log 173 - Initializing Spring DispatcherServlet 'dispatcherServlet'
2024-04-18 14:22:34,735 [http-nio-8081-exec-1] INFO  o.s.web.servlet.DispatcherServlet                 .initServletBean 525 - Initializing Servlet 'dispatcherServlet'
2024-04-18 14:22:34,739 [http-nio-8081-exec-1] INFO  o.s.web.servlet.DispatcherServlet                 .initServletBean 547 - Completed initialization in 3 ms
2024-04-18 14:22:34,967 [http-nio-8081-exec-1] INFO  o.n.d.controller.DmapExtensionController          .teststartDiscovery 128 - Application passed for testloginserter --> Spark
2024-04-18 14:23:41,600 [RMI TCP Connection(6)-127.0.0.1] INFO  o.s.b.a.SpringApplicationAdminMXBeanRegistrar$SpringApplicationAdmin.shutdown 159 - Application shutdown requested.
2024-04-18 14:23:47,871 [main] INFO  o.n.d.DmapExtensionApplication                    .logStarting 55 - Starting DmapExtensionApplication using Java 17.0.10 on arsac with PID 27356 (C:\Users\arsac\Documents\Gen AI-Nabors\testSpoonExtracter\test\target\classes started by arsac in C:\Users\arsac\Documents\Gen AI-Nabors\testSpoonExtracter\test)
2024-04-18 14:23:47,876 [main] INFO  o.n.d.DmapExtensionApplication                    .logStartupProfileInfo 634 - No active profile set, falling back to 1 default profile: "default"
2024-04-18 14:23:49,707 [main] INFO  o.s.b.w.embedded.tomcat.TomcatWebServer           .initialize 108 - Tomcat initialized with port(s): 8081 (http)
2024-04-18 14:23:49,723 [main] INFO  org.apache.catalina.core.StandardService          .log 173 - Starting service [Tomcat]
2024-04-18 14:23:49,725 [main] INFO  org.apache.catalina.core.StandardEngine           .log 173 - Starting Servlet engine: [Apache Tomcat/9.0.75]
2024-04-18 14:23:49,986 [main] INFO  o.a.c.c.C.[Tomcat].[localhost].[/]                .log 173 - Initializing Spring embedded WebApplicationContext
2024-04-18 14:23:49,987 [main] INFO  o.s.b.w.s.c.ServletWebServerApplicationContext    .prepareWebApplicationContext 292 - Root WebApplicationContext: initialization completed in 1777 ms
2024-04-18 14:23:50,744 [main] INFO  o.s.b.w.embedded.tomcat.TomcatWebServer           .start 220 - Tomcat started on port(s): 8081 (http) with context path ''
2024-04-18 14:23:50,764 [main] INFO  o.n.d.DmapExtensionApplication                    .logStarted 61 - Started DmapExtensionApplication in 3.426 seconds (JVM running for 5.182)
2024-04-18 14:23:53,182 [http-nio-8081-exec-5] INFO  o.a.c.c.C.[Tomcat].[localhost].[/]                .log 173 - Initializing Spring DispatcherServlet 'dispatcherServlet'
2024-04-18 14:23:53,183 [http-nio-8081-exec-5] INFO  o.s.web.servlet.DispatcherServlet                 .initServletBean 525 - Initializing Servlet 'dispatcherServlet'
2024-04-18 14:23:53,183 [http-nio-8081-exec-5] INFO  o.s.web.servlet.DispatcherServlet                 .initServletBean 547 - Completed initialization in 0 ms
2024-04-18 14:23:53,244 [http-nio-8081-exec-5] INFO  o.n.d.controller.DmapExtensionController          .startDiscovery 58 - Application passed for discovery --> Spark
2024-04-18 14:30:17,842 [RMI TCP Connection(10)-127.0.0.1] INFO  o.s.b.a.SpringApplicationAdminMXBeanRegistrar$SpringApplicationAdmin.shutdown 159 - Application shutdown requested.
2024-04-18 14:30:21,179 [main] INFO  o.n.d.DmapExtensionApplication                    .logStarting 55 - Starting DmapExtensionApplication using Java 17.0.10 on arsac with PID 23216 (C:\Users\arsac\Documents\Gen AI-Nabors\testSpoonExtracter\test\target\classes started by arsac in C:\Users\arsac\Documents\Gen AI-Nabors\testSpoonExtracter\test)
2024-04-18 14:30:21,188 [main] INFO  o.n.d.DmapExtensionApplication                    .logStartupProfileInfo 634 - No active profile set, falling back to 1 default profile: "default"
2024-04-18 14:30:23,143 [main] INFO  o.s.b.w.embedded.tomcat.TomcatWebServer           .initialize 108 - Tomcat initialized with port(s): 8081 (http)
2024-04-18 14:30:23,159 [main] INFO  org.apache.catalina.core.StandardService          .log 173 - Starting service [Tomcat]
2024-04-18 14:30:23,160 [main] INFO  org.apache.catalina.core.StandardEngine           .log 173 - Starting Servlet engine: [Apache Tomcat/9.0.75]
2024-04-18 14:30:23,399 [main] INFO  o.a.c.c.C.[Tomcat].[localhost].[/]                .log 173 - Initializing Spring embedded WebApplicationContext
2024-04-18 14:30:23,399 [main] INFO  o.s.b.w.s.c.ServletWebServerApplicationContext    .prepareWebApplicationContext 292 - Root WebApplicationContext: initialization completed in 1889 ms
2024-04-18 14:30:24,169 [main] INFO  o.s.b.w.embedded.tomcat.TomcatWebServer           .start 220 - Tomcat started on port(s): 8081 (http) with context path ''
2024-04-18 14:30:24,187 [main] INFO  o.n.d.DmapExtensionApplication                    .logStarted 61 - Started DmapExtensionApplication in 3.478 seconds (JVM running for 4.544)
2024-04-18 14:30:58,652 [http-nio-8081-exec-3] INFO  o.a.c.c.C.[Tomcat].[localhost].[/]                .log 173 - Initializing Spring DispatcherServlet 'dispatcherServlet'
2024-04-18 14:30:58,653 [http-nio-8081-exec-3] INFO  o.s.web.servlet.DispatcherServlet                 .initServletBean 525 - Initializing Servlet 'dispatcherServlet'
2024-04-18 14:30:58,655 [http-nio-8081-exec-3] INFO  o.s.web.servlet.DispatcherServlet                 .initServletBean 547 - Completed initialization in 1 ms
2024-04-18 14:30:58,786 [http-nio-8081-exec-3] INFO  o.n.d.controller.DmapExtensionController          .teststartDiscovery 128 - Application passed for testloginserter --> Spark
